<?xml version="1.0" encoding="UTF-8"?>
<!-- Generated by org.testng.reporters.JUnitReportReporter -->
<testsuite hostname="SarahMahmood-PC" failures="0" tests="37" name="ServerAdministration.ServerPCM_II_Settings" time="2015.667" errors="1" timestamp="09 Jun 2021 16:14:12 GMT" skipped="0">
  <testcase classname="ServerAdministration.ServerPCM_II_Settings" name="closebrowser" time="0.072">
    <error message="Tried to run command without establishing a connection
Build info: version: &#039;4.0.0-beta-3&#039;, revision: &#039;5d108f9a67&#039;
System info: host: &#039;SARAHMAHMOOD-PC&#039;, ip: &#039;172.20.60.100&#039;, os.name: &#039;Windows 10&#039;, os.arch: &#039;amd64&#039;, os.version: &#039;10.0&#039;, java.version: &#039;16&#039;
Driver info: org.openqa.selenium.firefox.FirefoxDriver
Command: [3803fb55-9a56-4a54-aa7c-1659c18fafa9, quit {}]
Capabilities {acceptInsecureCerts: true, browserName: firefox, browserVersion: 87.0, javascriptEnabled: true, moz:accessibilityChecks: false, moz:buildID: 20210318103112, moz:debuggerAddress: localhost:57779, moz:geckodriverVersion: 0.29.1, moz:headless: false, moz:processID: 16576, moz:profile: C:\Users\sarah.mahmood\AppD..., moz:shutdownTimeout: 60000, moz:useNonSpecCompliantPointerOrigin: false, moz:webdriverClick: true, pageLoadStrategy: normal, platform: WINDOWS, platformName: WINDOWS, platformVersion: 10.0, rotatable: false, se:cdp: ws://localhost:57779/devtoo..., se:cdpVersion: 85, setWindowRect: true, strictFileInteractability: false, timeouts: {implicit: 0, pageLoad: 300000, script: 30000}, unhandledPromptBehavior: dismiss and notify}
Session ID: 3803fb55-9a56-4a54-aa7c-1659c18fafa9" type="org.openqa.selenium.NoSuchSessionException">
      <![CDATA[org.openqa.selenium.NoSuchSessionException: Tried to run command without establishing a connection
Build info: version: '4.0.0-beta-3', revision: '5d108f9a67'
System info: host: 'SARAHMAHMOOD-PC', ip: '172.20.60.100', os.name: 'Windows 10', os.arch: 'amd64', os.version: '10.0', java.version: '16'
Driver info: org.openqa.selenium.firefox.FirefoxDriver
Command: [3803fb55-9a56-4a54-aa7c-1659c18fafa9, quit {}]
Capabilities {acceptInsecureCerts: true, browserName: firefox, browserVersion: 87.0, javascriptEnabled: true, moz:accessibilityChecks: false, moz:buildID: 20210318103112, moz:debuggerAddress: localhost:57779, moz:geckodriverVersion: 0.29.1, moz:headless: false, moz:processID: 16576, moz:profile: C:\Users\sarah.mahmood\AppD..., moz:shutdownTimeout: 60000, moz:useNonSpecCompliantPointerOrigin: false, moz:webdriverClick: true, pageLoadStrategy: normal, platform: WINDOWS, platformName: WINDOWS, platformVersion: 10.0, rotatable: false, se:cdp: ws://localhost:57779/devtoo..., se:cdpVersion: 85, setWindowRect: true, strictFileInteractability: false, timeouts: {implicit: 0, pageLoad: 300000, script: 30000}, unhandledPromptBehavior: dismiss and notify}
Session ID: 3803fb55-9a56-4a54-aa7c-1659c18fafa9
at java.base/jdk.internal.reflect.NativeConstructorAccessorImpl.newInstance0(Native Method)
at java.base/jdk.internal.reflect.NativeConstructorAccessorImpl.newInstance(NativeConstructorAccessorImpl.java:78)
at java.base/jdk.internal.reflect.DelegatingConstructorAccessorImpl.newInstance(DelegatingConstructorAccessorImpl.java:45)
at java.base/java.lang.reflect.Constructor.newInstanceWithCaller(Constructor.java:499)
at java.base/java.lang.reflect.Constructor.newInstance(Constructor.java:480)
at org.openqa.selenium.remote.codec.w3c.W3CHttpResponseCodec.createException(W3CHttpResponseCodec.java:198)
at org.openqa.selenium.remote.codec.w3c.W3CHttpResponseCodec.decode(W3CHttpResponseCodec.java:131)
at org.openqa.selenium.remote.codec.w3c.W3CHttpResponseCodec.decode(W3CHttpResponseCodec.java:52)
at org.openqa.selenium.remote.HttpCommandExecutor.execute(HttpCommandExecutor.java:184)
at org.openqa.selenium.remote.service.DriverCommandExecutor.invokeExecute(DriverCommandExecutor.java:153)
at org.openqa.selenium.remote.service.DriverCommandExecutor.lambda$execute$0(DriverCommandExecutor.java:93)
at java.base/java.util.concurrent.CompletableFuture$AsyncSupply.run(CompletableFuture.java:1764)
at java.base/java.util.concurrent.CompletableFuture$AsyncSupply.exec(CompletableFuture.java:1756)
at java.base/java.util.concurrent.ForkJoinTask.doExec(ForkJoinTask.java:295)
at java.base/java.util.concurrent.ForkJoinPool$WorkQueue.topLevelExec(ForkJoinPool.java:1016)
at java.base/java.util.concurrent.ForkJoinPool.scan(ForkJoinPool.java:1665)
at java.base/java.util.concurrent.ForkJoinPool.runWorker(ForkJoinPool.java:1598)
at java.base/java.util.concurrent.ForkJoinWorkerThread.run(ForkJoinWorkerThread.java:183)
]]>
    </error>
  </testcase> <!-- closebrowser -->
  <testcase classname="ServerAdministration.ServerPCM_II_Settings" name="AddDR_LinkPacketizerinSystem" time="56.075"/>
  <testcase classname="ServerAdministration.ServerPCM_II_Settings" name="AddmultipleDR_LinkPacketizerinSystemwithSameNode" time="83.705"/>
  <testcase classname="ServerAdministration.ServerPCM_II_Settings" name="AddmultipleDR_LinkPacketizerinSystemwithDiffNode" time="80.283"/>
  <testcase classname="ServerAdministration.ServerPCM_II_Settings" name="AddDR_LinkPacketizerinSystemwithNoNode" time="42.862"/>
  <testcase classname="ServerAdministration.ServerPCM_II_Settings" name="AddDR_LinkPacketizerinSystemwithNoCrystal" time="44.784"/>
  <testcase classname="ServerAdministration.ServerPCM_II_Settings" name="AddDR_LinkPacketizerinSystemwithNoCoupler" time="43.474"/>
  <testcase classname="ServerAdministration.ServerPCM_II_Settings" name="AddDR_LinkPacketizerinSystemwithNoPacketizerIP" time="44.247"/>
  <testcase classname="ServerAdministration.ServerPCM_II_Settings" name="AddDR_LinkPacketizerinSystemwithInvalidIP" time="57.007"/>
  <testcase classname="ServerAdministration.ServerPCM_II_Settings" name="AddDR_LinkPacketizerinSystemwithNoPort" time="44.058"/>
  <testcase classname="ServerAdministration.ServerPCM_II_Settings" name="AddDR_LinkPacketizerinSystemwithDuplicateIP" time="49.776"/>
  <testcase classname="ServerAdministration.ServerPCM_II_Settings" name="AddDR_LinkPacketizerinSystemwithDuplicateIPDiffNode" time="49.597"/>
  <testcase classname="ServerAdministration.ServerPCM_II_Settings" name="UpdateDR_LinkPacketizerAssignedNode" time="56.213"/>
  <testcase classname="ServerAdministration.ServerPCM_II_Settings" name="UpdateDR_LinkPacketizerCrystal" time="47.710"/>
  <testcase classname="ServerAdministration.ServerPCM_II_Settings" name="UpdateDR_LinkPacketizerCoupler" time="48.402"/>
  <testcase classname="ServerAdministration.ServerPCM_II_Settings" name="UpdateDR_LinkPacketizerIP" time="54.210"/>
  <testcase classname="ServerAdministration.ServerPCM_II_Settings" name="UpdateDR_LinkPacketizerPortIP" time="47.807"/>
  <testcase classname="ServerAdministration.ServerPCM_II_Settings" name="DeleteDR_LinkPacketizerfromSystem" time="35.906"/>
  <testcase classname="ServerAdministration.ServerPCM_II_Settings" name="AddTrunkPacketizerinSystem" time="63.272"/>
  <testcase classname="ServerAdministration.ServerPCM_II_Settings" name="AddMultipleTrunkPacketizerinSystem" time="81.810"/>
  <testcase classname="ServerAdministration.ServerPCM_II_Settings" name="AddTrunkPacketizerinSystemduplicateIP" time="46.725"/>
  <testcase classname="ServerAdministration.ServerPCM_II_Settings" name="AddTrunkPacketizerinSystemwithInvalidIP" time="52.308"/>
  <testcase classname="ServerAdministration.ServerPCM_II_Settings" name="AddTrunkPacketizerinSystemwithEmptyIP" time="49.274"/>
  <testcase classname="ServerAdministration.ServerPCM_II_Settings" name="AddTrunkPacketizerinSystemwithEmptyPacketizerPort" time="48.296"/>
  <testcase classname="ServerAdministration.ServerPCM_II_Settings" name="UpdateTrunkPacketizerIP" time="53.404"/>
  <testcase classname="ServerAdministration.ServerPCM_II_Settings" name="UpdateTrunkPacketizerPort" time="47.893"/>
  <testcase classname="ServerAdministration.ServerPCM_II_Settings" name="DeleteTrunkPacketizer" time="34.982"/>
  <testcase classname="ServerAdministration.ServerPCM_II_Settings" name="VerifyMinimizeSearchPacketizerSettingsTab" time="27.224"/>
  <testcase classname="ServerAdministration.ServerPCM_II_Settings" name="VerifydeletePacketizerwhenExtension" time="180.801"/>
  <testcase classname="ServerAdministration.ServerPCM_II_Settings" name="VerifyMultiplePacketizernotDisplayedforBranchExtension" time="127.340"/>
  <testcase classname="ServerAdministration.ServerPCM_II_Settings" name="SearchwithConnectionTypeandCrystalCoupler" time="35.109"/>
  <testcase classname="ServerAdministration.ServerPCM_II_Settings" name="ManualMappingUncheckedthenInformationdisplayedAllTrunkPacketizer" time="43.153"/>
  <testcase classname="ServerAdministration.ServerPCM_II_Settings" name="CopyPasteAlphaCharacterinPCMIIandPacketizerPort" time="42.019"/>
  <testcase classname="ServerAdministration.ServerPCM_II_Settings" name="UpdateNodewithBranchnode" time="56.529"/>
  <testcase classname="ServerAdministration.ServerPCM_II_Settings" name="AddaNodewithAllValidData" time="36.642"/>
  <testcase classname="ServerAdministration.ServerPCM_II_Settings" name="UpdatePCSHostnameIP" time="47.327"/>
  <testcase classname="ServerAdministration.ServerPCM_II_Settings" name="UpdateNodeIPthenAssociatedPacketizerNodeisUnassigned" time="55.371"/>
</testsuite> <!-- ServerAdministration.ServerPCM_II_Settings -->
