<?xml version="1.0" encoding="UTF-8"?>
<!-- Generated by org.testng.reporters.JUnitReportReporter -->
<testsuite hostname="DESKTOP-RTH7PMT" failures="0" tests="1" name="SiteAdministration.CallSearch" time="12.984" errors="0" timestamp="2021-10-01T16:12:23 PKT" skipped="0">
  <testcase classname="SiteAdministration.CallSearch" name="f" time="12.984"/>
  <system-out/>
</testsuite> <!-- SiteAdministration.CallSearch -->
