<?xml version="1.0" encoding="UTF-8"?>
<!-- Generated by org.testng.reporters.JUnitReportReporter -->
<testsuite hostname="SarahMahmood-PC" failures="0" tests="1" name="ServerAdministration.NewTestfile" time="0.024" errors="0" timestamp="30 Aug 2021 13:20:57 GMT" skipped="0">
  <testcase classname="ServerAdministration.NewTestfile" name="f" time="0.024"/>
</testsuite> <!-- ServerAdministration.NewTestfile -->
