<?xml version="1.0" encoding="UTF-8"?>
<!-- Generated by org.testng.reporters.JUnitReportReporter -->
<testsuite hostname="SarahMahmood-PC" failures="0" tests="1" name="ServerAdministration.NewTestPage" time="28.133" errors="0" timestamp="31 Aug 2021 09:36:48 GMT" skipped="0">
  <testcase classname="ServerAdministration.NewTestPage" name="checkEmail_SMScheckbox_isCheckedinIncidentSubscription" time="28.133"/>
</testsuite> <!-- ServerAdministration.NewTestPage -->
