<?xml version="1.0" encoding="UTF-8"?>
<!-- Generated by org.testng.reporters.JUnitReportReporter -->
<testsuite hostname="SarahMahmood-PC" failures="0" tests="1" name="ServerAdministration.ServerStorageSettings" time="0.000" errors="0" timestamp="31 Aug 2021 08:05:15 GMT" skipped="1">
  <testcase classname="ServerAdministration.ServerStorageSettings" name="verifyStoragePathConfigurationforDrive" time="0.000">
    <skipped/>
  </testcase> <!-- verifyStoragePathConfigurationforDrive -->
</testsuite> <!-- ServerAdministration.ServerStorageSettings -->
