<?xml version="1.0" encoding="UTF-8"?>
<!-- Generated by org.testng.reporters.JUnitReportReporter -->
<testsuite hostname="DESKTOP-RTH7PMT" failures="0" tests="1" name="SiteAdministration.SitePermissions" time="33.520" errors="0" timestamp="2021-09-14T15:50:52 PKT" skipped="0">
  <testcase classname="SiteAdministration.SitePermissions" name="verifyDefaultPermissionGroup" time="33.520"/>
  <system-out/>
</testsuite> <!-- SiteAdministration.SitePermissions -->
