<?xml version="1.0" encoding="UTF-8"?>
<!-- Generated by org.testng.reporters.JUnitReportReporter -->
<testsuite hostname="DESKTOP-RTH7PMT" failures="0" tests="1" name="SiteAdministration.Site_Agent_Management" time="39.824" errors="0" timestamp="2021-10-21T23:45:32 PKT" skipped="0">
  <testcase classname="SiteAdministration.Site_Agent_Management" name="VerifyAddAgent" time="39.824"/>
  <system-out/>
</testsuite> <!-- SiteAdministration.Site_Agent_Management -->
