<?xml version="1.0" encoding="UTF-8"?>
<!-- Generated by org.testng.reporters.JUnitReportReporter -->
<testsuite hostname="SarahMahmood-PC" failures="0" tests="1" name="ServerAdministration.ServerChangePassword" time="40.946" errors="0" timestamp="07 May 2021 05:31:29 GMT" skipped="0">
  <testcase classname="ServerAdministration.ServerChangePassword" name="VerifyChangePasswordwithtwoconsecutiveSpecialCharacters" time="40.946"/>
</testsuite> <!-- ServerAdministration.ServerChangePassword -->
