<?xml version="1.0" encoding="UTF-8"?>
<!-- Generated by org.testng.reporters.JUnitReportReporter -->
<testsuite hostname="SarahMahmood-PC" failures="0" tests="1" name="ServerAdministration.Server" time="0.014" errors="0" timestamp="31 Aug 2021 09:40:12 GMT" skipped="0">
  <testcase classname="ServerAdministration.Server" name="f" time="0.014"/>
</testsuite> <!-- ServerAdministration.Server -->
