<?xml version="1.0" encoding="UTF-8"?>
<!-- Generated by org.testng.reporters.JUnitReportReporter -->
<testsuite hostname="DESKTOP-RTH7PMT" failures="0" tests="11" name="ServerAdministration.Permissions" time="117.565" errors="0" timestamp="2021-09-09T18:37:55 PKT" skipped="0">
  <testcase classname="ServerAdministration.Permissions" name="verifyDefaultPermissionGroup" time="17.793"/>
  <system-out/>
  <testcase classname="ServerAdministration.Permissions" name="verifyDeleteDefaultPermissionGroup" time="9.207"/>
  <system-out/>
  <testcase classname="ServerAdministration.Permissions" name="verifyEditDefaultPermissionGroup" time="8.144"/>
  <system-out/>
  <testcase classname="ServerAdministration.Permissions" name="verifyViewDefaultPermissionGroup" time="9.599"/>
  <system-out/>
  <testcase classname="ServerAdministration.Permissions" name="verifyCopyDefaultPermissionGroup" time="10.171"/>
  <system-out/>
  <testcase classname="ServerAdministration.Permissions" name="verifyAllPermissionsexceptFourEyePrinciple" time="10.949"/>
  <system-out/>
  <testcase classname="ServerAdministration.Permissions" name="verifyAddNewPermissionGroupwithDescription" time="9.625"/>
  <system-out/>
  <testcase classname="ServerAdministration.Permissions" name="verifyAddNewPermissionGroup" time="10.096"/>
  <system-out/>
  <testcase classname="ServerAdministration.Permissions" name="verifyAddNewPermissionGroupwithoutGroupName" time="10.434"/>
  <system-out/>
  <testcase classname="ServerAdministration.Permissions" name="verifyAddNewPermissionGroupwithmaxLength" time="8.748"/>
  <system-out/>
  <testcase classname="ServerAdministration.Permissions" name="verifyDeletePermissionGroup" time="12.799"/>
  <system-out/>
</testsuite> <!-- ServerAdministration.Permissions -->
