<?xml version="1.0" encoding="UTF-8"?>
<!-- Generated by org.testng.reporters.JUnitReportReporter -->
<testsuite hostname="DESKTOP-RTH7PMT" failures="0" tests="1" name="SiteAdministration.CallSearch" time="23.100" errors="0" timestamp="2021-09-27T17:02:06 PKT" skipped="0">
  <testcase classname="SiteAdministration.CallSearch" name="f" time="23.100"/>
  <system-out/>
</testsuite> <!-- SiteAdministration.CallSearch -->
