<?xml version="1.0" encoding="UTF-8"?>
<!-- Generated by org.testng.reporters.JUnitReportReporter -->
<testsuite hostname="DESKTOP-RTH7PMT" failures="0" tests="1" name="ServerAdministration.NewTestPage" time="15.461" errors="0" timestamp="2021-10-20T17:58:05 PKT" skipped="0">
  <testcase classname="ServerAdministration.NewTestPage" name="VerificationOfAddAgentButton" time="15.461"/>
  <system-out/>
</testsuite> <!-- ServerAdministration.NewTestPage -->
