<?xml version="1.0" encoding="UTF-8"?>
<!-- Generated by org.testng.reporters.JUnitReportReporter -->
<testsuite hostname="SarahMahmood-PC" failures="0" tests="1" name="ServerAdministration.ServerEmailTemplates" time="0.000" errors="0" timestamp="31 Aug 2021 08:05:15 GMT" skipped="1">
  <testcase classname="ServerAdministration.ServerEmailTemplates" name="verifyEmailTemplateswithEnableTemplatesetNo" time="0.000">
    <skipped/>
  </testcase> <!-- verifyEmailTemplateswithEnableTemplatesetNo -->
</testsuite> <!-- ServerAdministration.ServerEmailTemplates -->
