<?xml version="1.0" encoding="UTF-8"?>
<!-- Generated by org.testng.reporters.JUnitReportReporter -->
<testsuite hostname="SarahMahmood-PC" failures="0" tests="1" name="ServerAdministration.ServerAdmin_Server" time="35.092" errors="0" timestamp="18 Jun 2021 06:24:36 GMT" skipped="0">
  <testcase classname="ServerAdministration.ServerAdmin_Server" name="verifyMixMode_ActiveDirectory" time="35.092"/>
</testsuite> <!-- ServerAdministration.ServerAdmin_Server -->
