<?xml version="1.0" encoding="UTF-8"?>
<!-- Generated by org.testng.reporters.JUnitReportReporter -->
<testsuite hostname="DESKTOP-RTH7PMT" failures="0" tests="1" name="SiteAdministration.CallSearch" time="21.230" errors="0" timestamp="2021-09-16T18:20:05 PKT" skipped="0">
  <testcase classname="SiteAdministration.CallSearch" name="f" time="21.230"/>
  <system-out/>
</testsuite> <!-- SiteAdministration.CallSearch -->
