<?xml version="1.0" encoding="UTF-8"?>
<!-- Generated by org.testng.reporters.JUnitReportReporter -->
<testsuite hostname="SarahMahmood-PC" failures="0" tests="1" name="ServerAdministration.ServerSMSNotificationSettings" time="0.000" errors="0" timestamp="31 Aug 2021 08:05:15 GMT" skipped="1">
  <testcase classname="ServerAdministration.ServerSMSNotificationSettings" name="verifyDefaultconfigurationNotificationSettings" time="0.000">
    <skipped/>
  </testcase> <!-- verifyDefaultconfigurationNotificationSettings -->
</testsuite> <!-- ServerAdministration.ServerSMSNotificationSettings -->
