<?xml version="1.0" encoding="UTF-8"?>
<!-- Generated by org.testng.reporters.JUnitReportReporter -->
<testsuite hostname="DESKTOP-RTH7PMT" failures="0" tests="4" name="SiteAdministration.SitePermissions" time="62.420" errors="0" timestamp="2021-09-30T13:03:56 PKT" skipped="0">
  <testcase classname="SiteAdministration.SitePermissions" name="verifyDefaultPermissionGroups" time="35.434"/>
  <system-out/>
  <testcase classname="SiteAdministration.SitePermissions" name="verifyGroupCreation" time="14.501"/>
  <system-out/>
  <testcase classname="SiteAdministration.SitePermissions" name="verifyGroupDescription250Characters" time="7.728"/>
  <system-out/>
  <testcase classname="SiteAdministration.SitePermissions" name="verifyGroupAssignedPermissions" time="4.757"/>
  <system-out/>
</testsuite> <!-- SiteAdministration.SitePermissions -->
