<?xml version="1.0" encoding="UTF-8"?>
<!-- Generated by org.testng.reporters.JUnitReportReporter -->
<testsuite hostname="SarahMahmood-PC" failures="0" tests="53" name="ServerAdministration.ServerUser" time="1909.372" errors="0" timestamp="27 Jul 2021 10:23:15 GMT" skipped="0">
  <testcase classname="ServerAdministration.ServerUser" name="verifyDefaultAdminData" time="24.774"/>
  <testcase classname="ServerAdministration.ServerUser" name="verifyDefaultAdminDelete" time="23.343"/>
  <testcase classname="ServerAdministration.ServerUser" name="verifyDefaultAdminSecurityGroup" time="26.882"/>
  <testcase classname="ServerAdministration.ServerUser" name="verifyDefaultAdminCheckbox" time="23.406"/>
  <testcase classname="ServerAdministration.ServerUser" name="verifyAdminFirstName" time="30.875"/>
  <testcase classname="ServerAdministration.ServerUser" name="verifyAdminLastName" time="28.864"/>
  <testcase classname="ServerAdministration.ServerUser" name="verifyUpdateAdminEmail" time="37.883"/>
  <testcase classname="ServerAdministration.ServerUser" name="verifyUpdateUsernamePassword" time="37.626"/>
  <testcase classname="ServerAdministration.ServerUser" name="verifyNewUserwithEnabledAccount" time="73.245"/>
  <testcase classname="ServerAdministration.ServerUser" name="verifyNewUserwithDisabledAccount" time="65.714"/>
  <testcase classname="ServerAdministration.ServerUser" name="verifyNewUserwithNoFname" time="29.608"/>
  <testcase classname="ServerAdministration.ServerUser" name="verifyNewUserwithNoLname" time="29.683"/>
  <testcase classname="ServerAdministration.ServerUser" name="verifyNewUserwithNoPassword" time="29.321"/>
  <testcase classname="ServerAdministration.ServerUser" name="verifyNewUserwithNoUsername" time="30.221"/>
  <testcase classname="ServerAdministration.ServerUser" name="verifyNewUserwithNoConfirmPassword" time="30.068"/>
  <testcase classname="ServerAdministration.ServerUser" name="verifyNewUserwithDifferentPasswords" time="29.694"/>
  <testcase classname="ServerAdministration.ServerUser" name="verifyNewUserwithNoSecurityGroup" time="30.962"/>
  <testcase classname="ServerAdministration.ServerUser" name="verifyNewUserwithInvalidEmailAddress" time="30.558"/>
  <testcase classname="ServerAdministration.ServerUser" name="verifyNoSpecialCharactersInFname" time="28.758"/>
  <testcase classname="ServerAdministration.ServerUser" name="verifyFiftyCharactersinFname" time="28.269"/>
  <testcase classname="ServerAdministration.ServerUser" name="verifyNoSpecialCharactersInLname" time="28.400"/>
  <testcase classname="ServerAdministration.ServerUser" name="verifyFiftyCharactersinLname" time="28.400"/>
  <testcase classname="ServerAdministration.ServerUser" name="verifyPasswordAlphaNumeric" time="29.080"/>
  <testcase classname="ServerAdministration.ServerUser" name="verifyPasswordGreaterthenSevenCharacters" time="29.681"/>
  <testcase classname="ServerAdministration.ServerUser" name="verifyPasswordwithRepeatedAlphabets" time="29.377"/>
  <testcase classname="ServerAdministration.ServerUser" name="verifyPasswordwithRepeatedDigits" time="31.468"/>
  <testcase classname="ServerAdministration.ServerUser" name="verifyPasswordwithRepeatedSpecialCharacters" time="31.656"/>
  <testcase classname="ServerAdministration.ServerUser" name="verifyNoSpecialCharactersInUsername" time="28.307"/>
  <testcase classname="ServerAdministration.ServerUser" name="verifyUnderscoreInUsername" time="28.162"/>
  <testcase classname="ServerAdministration.ServerUser" name="verifyUpdateFname" time="41.079"/>
  <testcase classname="ServerAdministration.ServerUser" name="verifyUpdateLname" time="41.649"/>
  <testcase classname="ServerAdministration.ServerUser" name="verifyUpdateUsername" time="28.843"/>
  <testcase classname="ServerAdministration.ServerUser" name="verifyUpdateExistingUserEmail" time="37.754"/>
  <testcase classname="ServerAdministration.ServerUser" name="verifyUserDisable" time="38.185"/>
  <testcase classname="ServerAdministration.ServerUser" name="verifyFiftyCharactersinPassword" time="27.567"/>
  <testcase classname="ServerAdministration.ServerUser" name="verifyFiftyfiveCharactersinEmail" time="28.403"/>
  <testcase classname="ServerAdministration.ServerUser" name="verifyFiftyCharactersinUsername" time="28.322"/>
  <testcase classname="ServerAdministration.ServerUser" name="verifyUserEnable" time="42.697"/>
  <testcase classname="ServerAdministration.ServerUser" name="verifyEnableUserAccount" time="71.187"/>
  <testcase classname="ServerAdministration.ServerUser" name="VerifyActiveDirectorybutton" time="34.711"/>
  <testcase classname="ServerAdministration.ServerUser" name="verifyDuplicateUsername" time="33.009"/>
  <testcase classname="ServerAdministration.ServerUser" name="verifyDeleteMultipleSelectedUsers" time="41.527"/>
  <testcase classname="ServerAdministration.ServerUser" name="verifyMixMode_ActiveDirectory" time="45.372"/>
  <testcase classname="ServerAdministration.ServerUser" name="verifyAddActiveDirectory" time="46.079"/>
  <testcase classname="ServerAdministration.ServerUser" name="verifyAddActiveDirectoryEnabledAccount" time="39.721"/>
  <testcase classname="ServerAdministration.ServerUser" name="verifyAddActiveDirectoryDisabledAccount" time="38.950"/>
  <testcase classname="ServerAdministration.ServerUser" name="verifyAddActiveDirectoryDuplicateAccount" time="27.029"/>
  <testcase classname="ServerAdministration.ServerUser" name="verifyUpdateActiveDirectoryUserFname" time="46.228"/>
  <testcase classname="ServerAdministration.ServerUser" name="verifyUpdateActiveDirectoryUserLname" time="50.450"/>
  <testcase classname="ServerAdministration.ServerUser" name="verifyUpdateExistingActiveDirectoryUserEmail" time="48.385"/>
  <testcase classname="ServerAdministration.ServerUser" name="verifyUpdateExistingActiveDirectoryUserPassword" time="41.746"/>
  <testcase classname="ServerAdministration.ServerUser" name="VerifyDeleteActiveDirectoryUser" time="41.598"/>
  <testcase classname="ServerAdministration.ServerUser" name="VerifyDeleteActiveDirectoryUserthenAddagain" time="54.596"/>
</testsuite> <!-- ServerAdministration.ServerUser -->
