<?xml version="1.0" encoding="UTF-8"?>
<!-- Generated by org.testng.reporters.JUnitReportReporter -->
<testsuite hostname="DESKTOP-RTH7PMT" failures="0" tests="1" name="SiteAdministration.CallSearch" time="10.385" errors="0" timestamp="2021-09-30T14:31:32 PKT" skipped="0">
  <testcase classname="SiteAdministration.CallSearch" name="f" time="10.385"/>
  <system-out/>
</testsuite> <!-- SiteAdministration.CallSearch -->
