<?xml version="1.0" encoding="UTF-8"?>
<!-- Generated by org.testng.reporters.JUnitReportReporter -->
<testsuite hostname="SarahMahmood-PC" failures="0" tests="35" name="ServerAdministration.ServerNode" time="1569.965" errors="1" timestamp="09 Jun 2021 15:21:26 GMT" skipped="0">
  <testcase classname="ServerAdministration.ServerNode" name="closebrowser" time="0.068">
    <error message="Tried to run command without establishing a connection
Build info: version: &#039;4.0.0-beta-3&#039;, revision: &#039;5d108f9a67&#039;
System info: host: &#039;SARAHMAHMOOD-PC&#039;, ip: &#039;172.20.60.100&#039;, os.name: &#039;Windows 10&#039;, os.arch: &#039;amd64&#039;, os.version: &#039;10.0&#039;, java.version: &#039;16&#039;
Driver info: org.openqa.selenium.firefox.FirefoxDriver
Command: [27368ae1-5da7-4a3f-bfd3-042b9ebfe71e, quit {}]
Capabilities {acceptInsecureCerts: true, browserName: firefox, browserVersion: 87.0, javascriptEnabled: true, moz:accessibilityChecks: false, moz:buildID: 20210318103112, moz:debuggerAddress: localhost:50150, moz:geckodriverVersion: 0.29.1, moz:headless: false, moz:processID: 7752, moz:profile: C:\Users\sarah.mahmood\AppD..., moz:shutdownTimeout: 60000, moz:useNonSpecCompliantPointerOrigin: false, moz:webdriverClick: true, pageLoadStrategy: normal, platform: WINDOWS, platformName: WINDOWS, platformVersion: 10.0, rotatable: false, se:cdp: ws://localhost:50150/devtoo..., se:cdpVersion: 85, setWindowRect: true, strictFileInteractability: false, timeouts: {implicit: 0, pageLoad: 300000, script: 30000}, unhandledPromptBehavior: dismiss and notify}
Session ID: 27368ae1-5da7-4a3f-bfd3-042b9ebfe71e" type="org.openqa.selenium.NoSuchSessionException">
      <![CDATA[org.openqa.selenium.NoSuchSessionException: Tried to run command without establishing a connection
Build info: version: '4.0.0-beta-3', revision: '5d108f9a67'
System info: host: 'SARAHMAHMOOD-PC', ip: '172.20.60.100', os.name: 'Windows 10', os.arch: 'amd64', os.version: '10.0', java.version: '16'
Driver info: org.openqa.selenium.firefox.FirefoxDriver
Command: [27368ae1-5da7-4a3f-bfd3-042b9ebfe71e, quit {}]
Capabilities {acceptInsecureCerts: true, browserName: firefox, browserVersion: 87.0, javascriptEnabled: true, moz:accessibilityChecks: false, moz:buildID: 20210318103112, moz:debuggerAddress: localhost:50150, moz:geckodriverVersion: 0.29.1, moz:headless: false, moz:processID: 7752, moz:profile: C:\Users\sarah.mahmood\AppD..., moz:shutdownTimeout: 60000, moz:useNonSpecCompliantPointerOrigin: false, moz:webdriverClick: true, pageLoadStrategy: normal, platform: WINDOWS, platformName: WINDOWS, platformVersion: 10.0, rotatable: false, se:cdp: ws://localhost:50150/devtoo..., se:cdpVersion: 85, setWindowRect: true, strictFileInteractability: false, timeouts: {implicit: 0, pageLoad: 300000, script: 30000}, unhandledPromptBehavior: dismiss and notify}
Session ID: 27368ae1-5da7-4a3f-bfd3-042b9ebfe71e
at java.base/jdk.internal.reflect.NativeConstructorAccessorImpl.newInstance0(Native Method)
at java.base/jdk.internal.reflect.NativeConstructorAccessorImpl.newInstance(NativeConstructorAccessorImpl.java:78)
at java.base/jdk.internal.reflect.DelegatingConstructorAccessorImpl.newInstance(DelegatingConstructorAccessorImpl.java:45)
at java.base/java.lang.reflect.Constructor.newInstanceWithCaller(Constructor.java:499)
at java.base/java.lang.reflect.Constructor.newInstance(Constructor.java:480)
at org.openqa.selenium.remote.codec.w3c.W3CHttpResponseCodec.createException(W3CHttpResponseCodec.java:198)
at org.openqa.selenium.remote.codec.w3c.W3CHttpResponseCodec.decode(W3CHttpResponseCodec.java:131)
at org.openqa.selenium.remote.codec.w3c.W3CHttpResponseCodec.decode(W3CHttpResponseCodec.java:52)
at org.openqa.selenium.remote.HttpCommandExecutor.execute(HttpCommandExecutor.java:184)
at org.openqa.selenium.remote.service.DriverCommandExecutor.invokeExecute(DriverCommandExecutor.java:153)
at org.openqa.selenium.remote.service.DriverCommandExecutor.lambda$execute$0(DriverCommandExecutor.java:93)
at java.base/java.util.concurrent.CompletableFuture$AsyncSupply.run(CompletableFuture.java:1764)
at java.base/java.util.concurrent.CompletableFuture$AsyncSupply.exec(CompletableFuture.java:1756)
at java.base/java.util.concurrent.ForkJoinTask.doExec(ForkJoinTask.java:295)
at java.base/java.util.concurrent.ForkJoinPool$WorkQueue.topLevelExec(ForkJoinPool.java:1016)
at java.base/java.util.concurrent.ForkJoinPool.scan(ForkJoinPool.java:1665)
at java.base/java.util.concurrent.ForkJoinPool.runWorker(ForkJoinPool.java:1598)
at java.base/java.util.concurrent.ForkJoinWorkerThread.run(ForkJoinWorkerThread.java:183)
]]>
    </error>
  </testcase> <!-- closebrowser -->
  <testcase classname="ServerAdministration.ServerNode" name="ValidateNodeAdditionName" time="30.243"/>
  <testcase classname="ServerAdministration.ServerNode" name="AddNodewithSecondaryIP" time="28.200"/>
  <testcase classname="ServerAdministration.ServerNode" name="AddNodewithIPDRLogger" time="28.031"/>
  <testcase classname="ServerAdministration.ServerNode" name="AddNodewithDescription" time="28.979"/>
  <testcase classname="ServerAdministration.ServerNode" name="AddaNode" time="33.903"/>
  <testcase classname="ServerAdministration.ServerNode" name="AddaNodewithEmptyName" time="27.675"/>
  <testcase classname="ServerAdministration.ServerNode" name="AddaNodewithEmptyIP" time="28.339"/>
  <testcase classname="ServerAdministration.ServerNode" name="AddaNodewithDuplicateIP" time="32.181"/>
  <testcase classname="ServerAdministration.ServerNode" name="AddaNodewithDuplicateNodename" time="32.405"/>
  <testcase classname="ServerAdministration.ServerNode" name="AddaNodewithValidSecondaryIP" time="38.416"/>
  <testcase classname="ServerAdministration.ServerNode" name="AddaNodewithDuplicateSecondaryIP" time="31.034"/>
  <testcase classname="ServerAdministration.ServerNode" name="AddaNodewithSamePrimary_SecondaryIP" time="31.781"/>
  <testcase classname="ServerAdministration.ServerNode" name="AddaNodewithValidPCSIP" time="37.040"/>
  <testcase classname="ServerAdministration.ServerNode" name="AddaNodewithDuplicatePCSIP" time="33.676"/>
  <testcase classname="ServerAdministration.ServerNode" name="AddaNodewithSamePrimaryPCSIP" time="31.391"/>
  <testcase classname="ServerAdministration.ServerNode" name="AddaNodewithSecondary_PCSIP" time="38.706"/>
  <testcase classname="ServerAdministration.ServerNode" name="AddaNodewithSameSecondaryPCSIP" time="31.947"/>
  <testcase classname="ServerAdministration.ServerNode" name="AddaNodewithValidIPDRLoggerAddress" time="38.262"/>
  <testcase classname="ServerAdministration.ServerNode" name="AddaNodewithInvalidIPDRLoggerAddress" time="32.687"/>
  <testcase classname="ServerAdministration.ServerNode" name="UpdateNodeName" time="35.531"/>
  <testcase classname="ServerAdministration.ServerNode" name="UpdatePrimaryNodeIP" time="35.459"/>
  <testcase classname="ServerAdministration.ServerNode" name="DeleteNodewithoutExtension" time="41.909"/>
  <testcase classname="ServerAdministration.ServerNode" name="AddMultipleNodes" time="46.239"/>
  <testcase classname="ServerAdministration.ServerNode" name="AddNodeCheckpagingforMultipleExtensions" time="400.029"/>
  <testcase classname="ServerAdministration.ServerNode" name="DeleteNodewithExtension" time="40.766"/>
  <testcase classname="ServerAdministration.ServerNode" name="UpdateIPofNodeAssignedtoDR_LinkPacketizer" time="36.400"/>
  <testcase classname="ServerAdministration.ServerNode" name="VerifyMinimizeSearchNodeSettingsTab" time="29.811"/>
  <testcase classname="ServerAdministration.ServerNode" name="AddaNodewith50CharactersinPrimaryIP" time="33.879"/>
  <testcase classname="ServerAdministration.ServerNode" name="DeletionofNode" time="42.138"/>
  <testcase classname="ServerAdministration.ServerNode" name="AddTrunkPacketizerinSystem" time="67.221"/>
  <testcase classname="ServerAdministration.ServerNode" name="VerifyMultipleNodesaddedforSingleBranch" time="43.976"/>
  <testcase classname="ServerAdministration.ServerNode" name="ModificationofNode" time="34.096"/>
  <testcase classname="ServerAdministration.ServerNode" name="VerifyPCSIPAddressDisabledforBranch" time="30.096"/>
  <testcase classname="ServerAdministration.ServerNode" name="UnabletoUpdatePCXNodesameasSecondaryIP" time="37.451"/>
</testsuite> <!-- ServerAdministration.ServerNode -->
