<?xml version="1.0" encoding="UTF-8"?>
<!-- Generated by org.testng.reporters.JUnitReportReporter -->
<testsuite hostname="DESKTOP-RTH7PMT" failures="0" tests="1" name="ServerAdministration.NewTestPage" time="15.277" errors="0" timestamp="2021-10-21T12:15:00 PKT" skipped="0">
  <testcase classname="ServerAdministration.NewTestPage" name="VerificationOfAddAgentButton" time="15.277"/>
  <system-out/>
</testsuite> <!-- ServerAdministration.NewTestPage -->
