<?xml version="1.0" encoding="UTF-8"?>
<!-- Generated by org.testng.reporters.JUnitReportReporter -->
<testsuite hostname="DESKTOP-RTH7PMT" failures="0" tests="12" name="ServerAdministration.Permissions" time="143.679" errors="0" timestamp="2021-09-10T17:18:29 PKT" skipped="0">
  <testcase classname="ServerAdministration.Permissions" name="verifyDefaultPermissionGroup" time="24.403"/>
  <system-out/>
  <testcase classname="ServerAdministration.Permissions" name="verifyDeleteDefaultPermissionGroup" time="8.802"/>
  <system-out/>
  <testcase classname="ServerAdministration.Permissions" name="verifyEditDefaultPermissionGroup" time="8.244"/>
  <system-out/>
  <testcase classname="ServerAdministration.Permissions" name="verifyViewDefaultPermissionGroup" time="10.125"/>
  <system-out/>
  <testcase classname="ServerAdministration.Permissions" name="verifyCopyDefaultPermissionGroup" time="10.109"/>
  <system-out/>
  <testcase classname="ServerAdministration.Permissions" name="verifyAllPermissionsexceptFourEyePrinciple" time="11.248"/>
  <system-out/>
  <testcase classname="ServerAdministration.Permissions" name="verifyAddNewPermissionGroupwithDescription" time="9.960"/>
  <system-out/>
  <testcase classname="ServerAdministration.Permissions" name="verifyAddNewPermissionGroup" time="10.072"/>
  <system-out/>
  <testcase classname="ServerAdministration.Permissions" name="verifyAddNewPermissionGroupwithoutGroupName" time="10.493"/>
  <system-out/>
  <testcase classname="ServerAdministration.Permissions" name="verifyAddNewPermissionGroupwithmaxLength" time="8.875"/>
  <system-out/>
  <testcase classname="ServerAdministration.Permissions" name="verifyDeletePermissionGroup" time="13.395"/>
  <system-out/>
  <testcase classname="ServerAdministration.Permissions" name="ClearPermissionsAfterTest" time="17.953"/>
  <system-out/>
</testsuite> <!-- ServerAdministration.Permissions -->
