<?xml version="1.0" encoding="UTF-8"?>
<!-- Generated by org.testng.reporters.JUnitReportReporter -->
<testsuite hostname="DESKTOP-RTH7PMT" failures="0" tests="1" name="ServerAdministration.NewTestPage" time="13.568" errors="0" timestamp="2021-10-15T16:53:39 PKT" skipped="0">
  <testcase classname="ServerAdministration.NewTestPage" name="VerificationOfAddAgentButton" time="13.568"/>
  <system-out/>
</testsuite> <!-- ServerAdministration.NewTestPage -->
