<?xml version="1.0" encoding="UTF-8"?>
<!-- Generated by org.testng.reporters.JUnitReportReporter -->
<testsuite hostname="DESKTOP-RTH7PMT" failures="0" tests="3" name="SiteAdministration.SitePermissions" time="83.382" errors="0" timestamp="2021-09-16T17:47:25 PKT" skipped="0">
  <testcase classname="SiteAdministration.SitePermissions" name="verifyDefaultPermissionGroups" time="35.970"/>
  <system-out/>
  <testcase classname="SiteAdministration.SitePermissions" name="verifyGroupCreation" time="37.955"/>
  <system-out/>
  <testcase classname="SiteAdministration.SitePermissions" name="verifyGroupDescription250Characters" time="9.457"/>
  <system-out/>
</testsuite> <!-- SiteAdministration.SitePermissions -->
