<?xml version="1.0" encoding="UTF-8"?>
<!-- Generated by org.testng.reporters.JUnitReportReporter -->
<testsuite hostname="SarahMahmood-PC" failures="2" tests="113" name="ServerAdministration.ServerSystemConfiguration" time="4293.196" errors="0" timestamp="08 Jul 2021 10:45:14 GMT" skipped="0">
  <testcase classname="ServerAdministration.ServerSystemConfiguration" name="AddSNMPinSystemwithValiddata" time="38.737"/>
  <testcase classname="ServerAdministration.ServerSystemConfiguration" name="AddSNMPinSystemwithEmptyReceiverIP" time="29.066"/>
  <testcase classname="ServerAdministration.ServerSystemConfiguration" name="AddSNMPinSystemwithEmptyPort" time="28.550"/>
  <testcase classname="ServerAdministration.ServerSystemConfiguration" name="AddSNMPinSystemwithCommunityString" time="30.277"/>
  <testcase classname="ServerAdministration.ServerSystemConfiguration" name="AddSNMPinSystemwithInvalidReceiverIP" time="29.737"/>
  <testcase classname="ServerAdministration.ServerSystemConfiguration" name="verifySNMPSettingsTabMin_MaxFunctionality" time="34.763"/>
  <testcase classname="ServerAdministration.ServerSystemConfiguration" name="verifySNMPrestart_noteSystem" time="41.876"/>
  <testcase classname="ServerAdministration.ServerSystemConfiguration" name="verifySMTPSettingsinSystemValidData" time="32.648"/>
  <testcase classname="ServerAdministration.ServerSystemConfiguration" name="verifySMTPSettingsinSystemValidDataandUsername" time="32.171"/>
  <testcase classname="ServerAdministration.ServerSystemConfiguration" name="verifyReceiverIPacceptsNumericsonly" time="31.133"/>
  <testcase classname="ServerAdministration.ServerSystemConfiguration" name="verifySMTPSettingsinSystemValidDataandUsernamePassword" time="32.406"/>
  <testcase classname="ServerAdministration.ServerSystemConfiguration" name="verifySMTPSettingsinSystemwithEmptySMTPServer" time="32.662"/>
  <testcase classname="ServerAdministration.ServerSystemConfiguration" name="verifySMTPSettingsinSystemwithEmptyEmailAddress" time="31.874"/>
  <testcase classname="ServerAdministration.ServerSystemConfiguration" name="verifySMTPSettingsinSystemwithInvalidEmailAddress" time="31.860"/>
  <testcase classname="ServerAdministration.ServerSystemConfiguration" name="verifyResetSMTPSettings" time="32.720"/>
  <testcase classname="ServerAdministration.ServerSystemConfiguration" name="AddUserInterfacelogowithValidImage" time="35.794"/>
  <testcase classname="ServerAdministration.ServerSystemConfiguration" name="AddUserInterfacelogowithoutImage" time="35.417"/>
  <testcase classname="ServerAdministration.ServerSystemConfiguration" name="AddUserInterfacelogowithInvalidImage" time="34.915"/>
  <testcase classname="ServerAdministration.ServerSystemConfiguration" name="resetUserInterfacelogo" time="41.256"/>
  <testcase classname="ServerAdministration.ServerSystemConfiguration" name="addReportHeaderValidImage" time="34.882"/>
  <testcase classname="ServerAdministration.ServerSystemConfiguration" name="addReportHeaderwithoutImage" time="34.918"/>
  <testcase classname="ServerAdministration.ServerSystemConfiguration" name="addReportHeaderwithInvalidfile" time="34.373"/>
  <testcase classname="ServerAdministration.ServerSystemConfiguration" name="resetReportHeader" time="40.575"/>
  <testcase classname="ServerAdministration.ServerSystemConfiguration" name="verifyLogoImageSizeforImagegreaterthan10Mb" time="35.775"/>
  <testcase classname="ServerAdministration.ServerSystemConfiguration" name="HideandExpandLogoSettings" time="26.924"/>
  <testcase classname="ServerAdministration.ServerSystemConfiguration" name="checkMandatoryfieldswithSecondaryServerIPSystemSettings" time="23.757"/>
  <testcase classname="ServerAdministration.ServerSystemConfiguration" name="ActiveDirectorywithIncludeallContainers" time="26.059"/>
  <testcase classname="ServerAdministration.ServerSystemConfiguration" name="ActiveDirectorywithSpecificContainer" time="51.731"/>
  <testcase classname="ServerAdministration.ServerSystemConfiguration" name="ActiveDirectorywithEmptydomain_name" time="26.573"/>
  <testcase classname="ServerAdministration.ServerSystemConfiguration" name="ActiveDirectorywithEmptyuser_name" time="25.735"/>
  <testcase classname="ServerAdministration.ServerSystemConfiguration" name="ActiveDirectorywithEmptypassword" time="25.149"/>
  <testcase classname="ServerAdministration.ServerSystemConfiguration" name="ActiveDirectorywithInvaliddomain" time="27.268"/>
  <testcase classname="ServerAdministration.ServerSystemConfiguration" name="ActiveDirectorywithInvalidusername" time="25.137"/>
  <testcase classname="ServerAdministration.ServerSystemConfiguration" name="ActiveDirectorywithInvalidpassword" time="25.249"/>
  <testcase classname="ServerAdministration.ServerSystemConfiguration" name="MixModewithDefaultcriteria" time="26.189"/>
  <testcase classname="ServerAdministration.ServerSystemConfiguration" name="MixModewithIncludeallContainers" time="26.179"/>
  <testcase classname="ServerAdministration.ServerSystemConfiguration" name="MixModewithSpecificContainer" time="50.957"/>
  <testcase classname="ServerAdministration.ServerSystemConfiguration" name="MixModewithEmptydomain_name" time="25.435"/>
  <testcase classname="ServerAdministration.ServerSystemConfiguration" name="MixModewithEmptyuser_name" time="25.789"/>
  <testcase classname="ServerAdministration.ServerSystemConfiguration" name="MixModewithEmptypassword" time="25.120"/>
  <testcase classname="ServerAdministration.ServerSystemConfiguration" name="MixModewithInvaliddomain" time="24.779"/>
  <testcase classname="ServerAdministration.ServerSystemConfiguration" name="MixModewithInvalidusername" time="25.313"/>
  <testcase classname="ServerAdministration.ServerSystemConfiguration" name="MixModewithInvalidpassword" time="25.217"/>
  <testcase classname="ServerAdministration.ServerSystemConfiguration" name="verifyOmniPCXRecordAuthenticationSettings" time="25.831"/>
  <testcase classname="ServerAdministration.ServerSystemConfiguration" name="verifyAuthenticationResetbutton" time="24.480"/>
  <testcase classname="ServerAdministration.ServerSystemConfiguration" name="checkRecorderMainConfigSettings" time="32.387"/>
  <testcase classname="ServerAdministration.ServerSystemConfiguration" name="checkRecorderMainConfigSettingswithDuplicateIPs" time="32.191"/>
  <testcase classname="ServerAdministration.ServerSystemConfiguration" name="checkRecorderMainConfigSettingswithServerModeasMaster" time="38.117"/>
  <testcase classname="ServerAdministration.ServerSystemConfiguration" name="checkRecorderMainConfigSettingswithServerModeasSatellite" time="39.165"/>
  <testcase classname="ServerAdministration.ServerSystemConfiguration" name="checkRecorderMainConfigSettingswithEmptyServerID" time="32.596"/>
  <testcase classname="ServerAdministration.ServerSystemConfiguration" name="checkRecorderMainConfigSettingswithEmptyPrimaryIp" time="30.115"/>
  <testcase classname="ServerAdministration.ServerSystemConfiguration" name="checkRecorderMainConfigSettingswithEmptySecondaryIp" time="30.450"/>
  <testcase classname="ServerAdministration.ServerSystemConfiguration" name="checkRecorderMainConfigSettingswithInvalidSecondaryIp" time="30.642"/>
  <testcase classname="ServerAdministration.ServerSystemConfiguration" name="checkRecorderMainConfigSettingswithoutSecondaryInfo" time="36.009"/>
  <testcase classname="ServerAdministration.ServerSystemConfiguration" name="checkRecorderMainConfigSettingswithEmptyDatabase" time="30.128"/>
  <testcase classname="ServerAdministration.ServerSystemConfiguration" name="checkRecorderMainConfigSettingswithInvalidDatabaseServerName" time="524.864"/>
  <testcase classname="ServerAdministration.ServerSystemConfiguration" name="checkRecorderMainConfigSettingswithEmptyDatabaseName" time="30.223"/>
  <testcase classname="ServerAdministration.ServerSystemConfiguration" name="checkRecorderMainConfigSettingswithInvalidDatabaseName" time="30.218"/>
  <testcase classname="ServerAdministration.ServerSystemConfiguration" name="checkRecorderMainConfigSettingswithEmptyDatabaseUsername" time="31.150"/>
  <testcase classname="ServerAdministration.ServerSystemConfiguration" name="checkRecorderMainConfigSettingswithInvalidDatabaseUsername" time="30.774"/>
  <testcase classname="ServerAdministration.ServerSystemConfiguration" name="checkRecorderMainConfigSettingswithEmptyDatabasepassword" time="29.700"/>
  <testcase classname="ServerAdministration.ServerSystemConfiguration" name="checkRecorderMainConfigSettingswithInvalidDatabasepassword" time="29.428"/>
  <testcase classname="ServerAdministration.ServerSystemConfiguration" name="checkRecorderBranchConfigSettingswithoutSecondaryinfo" time="35.901"/>
  <testcase classname="ServerAdministration.ServerSystemConfiguration" name="checkRecorderMainConfigSettingswithServerRoleSecondary" time="39.834"/>
  <testcase classname="ServerAdministration.ServerSystemConfiguration" name="checkRecorderBranchConfigSettings" time="43.429"/>
  <testcase classname="ServerAdministration.ServerSystemConfiguration" name="verifyConfigurationsforPRSsettingwithDifferentIPs" time="52.327">
    <failure message="expected [Primary PBX IP and PRS IP cannot be same] but found [Settings have been updated successfully]" type="java.lang.AssertionError">
      <![CDATA[java.lang.AssertionError: expected [Primary PBX IP and PRS IP cannot be same] but found [Settings have been updated successfully]
at org.testng.Assert.fail(Assert.java:96)
at org.testng.Assert.failNotEquals(Assert.java:776)
at org.testng.Assert.assertEqualsImpl(Assert.java:137)
at org.testng.Assert.assertEquals(Assert.java:118)
at org.testng.Assert.assertEquals(Assert.java:453)
at org.testng.Assert.assertEquals(Assert.java:463)
at ServerAdministration.ServerSystemConfiguration.verifyConfigurationsforPRSsettingwithDifferentIPs(ServerSystemConfiguration.java:4058)
at java.base/jdk.internal.reflect.NativeMethodAccessorImpl.invoke0(Native Method)
at java.base/jdk.internal.reflect.NativeMethodAccessorImpl.invoke(NativeMethodAccessorImpl.java:78)
at java.base/jdk.internal.reflect.DelegatingMethodAccessorImpl.invoke(DelegatingMethodAccessorImpl.java:43)
at java.base/java.lang.reflect.Method.invoke(Method.java:567)
at org.testng.internal.MethodInvocationHelper.invokeMethod(MethodInvocationHelper.java:124)
at org.testng.internal.Invoker.invokeMethod(Invoker.java:583)
at org.testng.internal.Invoker.invokeTestMethod(Invoker.java:719)
at org.testng.internal.Invoker.invokeTestMethods(Invoker.java:989)
at org.testng.internal.TestMethodWorker.invokeTestMethods(TestMethodWorker.java:125)
at org.testng.internal.TestMethodWorker.run(TestMethodWorker.java:109)
at org.testng.TestRunner.privateRun(TestRunner.java:648)
at org.testng.TestRunner.run(TestRunner.java:505)
at org.testng.SuiteRunner.runTest(SuiteRunner.java:455)
at org.testng.SuiteRunner.runSequentially(SuiteRunner.java:450)
at org.testng.SuiteRunner.privateRun(SuiteRunner.java:415)
at org.testng.SuiteRunner.run(SuiteRunner.java:364)
at org.testng.SuiteRunnerWorker.runSuite(SuiteRunnerWorker.java:52)
at org.testng.SuiteRunnerWorker.run(SuiteRunnerWorker.java:84)
at org.testng.TestNG.runSuitesSequentially(TestNG.java:1208)
at org.testng.TestNG.runSuitesLocally(TestNG.java:1137)
at org.testng.TestNG.runSuites(TestNG.java:1049)
at org.testng.TestNG.run(TestNG.java:1017)
at org.testng.remote.AbstractRemoteTestNG.run(AbstractRemoteTestNG.java:115)
at org.testng.remote.RemoteTestNG.initAndRun(RemoteTestNG.java:251)
at org.testng.remote.RemoteTestNG.main(RemoteTestNG.java:77)
]]>
    </failure>
  </testcase> <!-- verifyConfigurationsforPRSsettingwithDifferentIPs -->
  <testcase classname="ServerAdministration.ServerSystemConfiguration" name="checkRecorderBranchConfigSettingswithEmptyServerId" time="30.291"/>
  <testcase classname="ServerAdministration.ServerSystemConfiguration" name="checkRecorderBranchConfigSettingwithEmptyPrimaryIp" time="30.567"/>
  <testcase classname="ServerAdministration.ServerSystemConfiguration" name="checkRecorderBranchConfigSettingwithInvalidPrimaryIp" time="31.404"/>
  <testcase classname="ServerAdministration.ServerSystemConfiguration" name="checkRecorderBranchConfigSettingwithEmptyOPRIp" time="31.098"/>
  <testcase classname="ServerAdministration.ServerSystemConfiguration" name="checkRecorderBranchConfigSettingwithEmptyPrimaryBranchServerIP" time="31.694"/>
  <testcase classname="ServerAdministration.ServerSystemConfiguration" name="checkRecorderBranchConfigSettingwithInvalidPrimaryBranchServerIP" time="30.341"/>
  <testcase classname="ServerAdministration.ServerSystemConfiguration" name="checkRecorderBranchConfigSettingwithInvalidSecondaryBranchServerIP" time="30.390"/>
  <testcase classname="ServerAdministration.ServerSystemConfiguration" name="checkRecorderBranchConfigSettingwithEmptySecondaryBranchServerName" time="31.099"/>
  <testcase classname="ServerAdministration.ServerSystemConfiguration" name="checkRecorderBranchConfigSettingwithInvalidSecondaryBranchServerName" time="124.183"/>
  <testcase classname="ServerAdministration.ServerSystemConfiguration" name="checkRecorderBranchConfigSettingwithEmptySecondaryBranchDatabaseName" time="94.788"/>
  <testcase classname="ServerAdministration.ServerSystemConfiguration" name="checkRecorderBranchConfigSettingwithIvalidSecondaryBranchDatabaseName" time="31.257"/>
  <testcase classname="ServerAdministration.ServerSystemConfiguration" name="checkRecorderBranchConfigSettingwithEmptySecondaryBranchDatabaseUsername" time="33.793"/>
  <testcase classname="ServerAdministration.ServerSystemConfiguration" name="checkRecorderBranchConfigSettingwithIvalidSecondaryBranchDatabaseUsername" time="31.130"/>
  <testcase classname="ServerAdministration.ServerSystemConfiguration" name="checkRecorderBranchConfigSettingwithEmptySecondaryBranchDatabasePassword" time="33.517"/>
  <testcase classname="ServerAdministration.ServerSystemConfiguration" name="checkRecorderBranchConfigSettingwithInvalidSecondaryBranchDatabasePassword" time="30.563"/>
  <testcase classname="ServerAdministration.ServerSystemConfiguration" name="checkRecorderBranchConfigSettingswithServerRoleSecondary" time="42.716"/>
  <testcase classname="ServerAdministration.ServerSystemConfiguration" name="RecorderMainConfigSettingServerModeasMaster" time="31.664"/>
  <testcase classname="ServerAdministration.ServerSystemConfiguration" name="verifyConfigurationsforPRSsettings" time="27.004"/>
  <testcase classname="ServerAdministration.ServerSystemConfiguration" name="verifyConfigurationsforPRSsettingwithInvalidIP" time="24.738"/>
  <testcase classname="ServerAdministration.ServerSystemConfiguration" name="verifyConfigurationsforPRSsettingwithValidIPandlessthan5Version" time="23.915"/>
  <testcase classname="ServerAdministration.ServerSystemConfiguration" name="verifyConfigurationsforPRSsettingwithEmptyIPandValidVersion" time="25.368"/>
  <testcase classname="ServerAdministration.ServerSystemConfiguration" name="verifyConfigurationsforPRSsettingwithValidIPandEmptyVersion" time="25.952"/>
  <testcase classname="ServerAdministration.ServerSystemConfiguration" name="verifyConfigurationsforPRSsettingwithInvalidIPasdots" time="24.707"/>
  <testcase classname="ServerAdministration.ServerSystemConfiguration" name="verifyConfigurationsforPRSsettingwithOnlyNumericsinIP" time="24.295"/>
  <testcase classname="ServerAdministration.ServerSystemConfiguration" name="checkRecordingTransferSettingswithFTP" time="31.747"/>
  <testcase classname="ServerAdministration.ServerSystemConfiguration" name="checkRecordingTransferSettingswithInvalidFTP" time="55.235"/>
  <testcase classname="ServerAdministration.ServerSystemConfiguration" name="checkRecordingTransferSettingswithInvalidFTPValidFormat" time="54.513"/>
  <testcase classname="ServerAdministration.ServerSystemConfiguration" name="checkRecordingTransferSettingswithEmptyFTP" time="33.219"/>
  <testcase classname="ServerAdministration.ServerSystemConfiguration" name="checkRecordingTransferSettingswithInvalidFTPusername" time="33.727"/>
  <testcase classname="ServerAdministration.ServerSystemConfiguration" name="checkRecordingTransferSettingswithInvalidFTPpassword" time="34.169"/>
  <testcase classname="ServerAdministration.ServerSystemConfiguration" name="checkRecordingTransferSettingswithEmptyFTPusername" time="33.194"/>
  <testcase classname="ServerAdministration.ServerSystemConfiguration" name="checkRecordingTransferSettingswithEmptyFTPpassword" time="33.541"/>
  <testcase classname="ServerAdministration.ServerSystemConfiguration" name="checkRecordingTransferSettingswithEmptyFTPschedule" time="34.639"/>
  <testcase classname="ServerAdministration.ServerSystemConfiguration" name="checkRecordingTransferSettingswithInvalidFTPscheduleZero" time="32.702"/>
  <testcase classname="ServerAdministration.ServerSystemConfiguration" name="verifyRecordingTransferSettingswithNetworkPath" time="39.584"/>
  <testcase classname="ServerAdministration.ServerSystemConfiguration" name="verifyRecordingTransferSettingswithInvalidNetworkPath" time="32.713"/>
  <testcase classname="ServerAdministration.ServerSystemConfiguration" name="verifyRecordingTransferSettingswithEmptyNetworkPathInvalidscheduleZero" time="33.208"/>
  <testcase classname="ServerAdministration.ServerSystemConfiguration" name="verifyRecordingTransferSettingswithEmptyNetworkPathEmptyschedule" time="33.519"/>
  <testcase classname="ServerAdministration.ServerSystemConfiguration" name="verifyRecordingTransferSettingswithEmptyNetworkPath" time="32.589"/>
  <testcase classname="ServerAdministration.ServerSystemConfiguration" name="verifyRecordingTransferSettingswithLocalPath" time="33.623"/>
  <testcase classname="ServerAdministration.ServerSystemConfiguration" name="verifyRecordingTransferSettingswithInvalidLocalPath" time="34.446"/>
  <testcase classname="ServerAdministration.ServerSystemConfiguration" name="verifyRecordingTransferSettingswithEmptyLocalPath" time="33.263"/>
  <testcase classname="ServerAdministration.ServerSystemConfiguration" name="verifyRecordingTransferSettingswithEmptyLocalPathValidSchedule" time="34.364"/>
  <testcase classname="ServerAdministration.ServerSystemConfiguration" name="verifyRecordingTransferSettingswithEmptyLocalPathInvalidSchedule" time="32.747"/>
  <testcase classname="ServerAdministration.ServerSystemConfiguration" name="verifyRecordingTransferSettingswithEmptyLocalPathEmptySchedule" time="36.917"/>
  <testcase classname="ServerAdministration.ServerSystemConfiguration" name="verifyRecordingTransferSettingsMandatoryFields" time="23.699"/>
  <testcase classname="ServerAdministration.ServerSystemConfiguration" name="verifyAdminEmailinRecorderSettings" time="22.460">
    <failure message="expected [] but found [sarah.mahmood@amigo-software.com]" type="java.lang.AssertionError">
      <![CDATA[java.lang.AssertionError: expected [] but found [sarah.mahmood@amigo-software.com]
at org.testng.Assert.fail(Assert.java:96)
at org.testng.Assert.failNotEquals(Assert.java:776)
at org.testng.Assert.assertEqualsImpl(Assert.java:137)
at org.testng.Assert.assertEquals(Assert.java:118)
at org.testng.Assert.assertEquals(Assert.java:453)
at org.testng.Assert.assertEquals(Assert.java:463)
at ServerAdministration.ServerSystemConfiguration.verifyAdminEmailinRecorderSettings(ServerSystemConfiguration.java:7333)
at java.base/jdk.internal.reflect.NativeMethodAccessorImpl.invoke0(Native Method)
at java.base/jdk.internal.reflect.NativeMethodAccessorImpl.invoke(NativeMethodAccessorImpl.java:78)
at java.base/jdk.internal.reflect.DelegatingMethodAccessorImpl.invoke(DelegatingMethodAccessorImpl.java:43)
at java.base/java.lang.reflect.Method.invoke(Method.java:567)
at org.testng.internal.MethodInvocationHelper.invokeMethod(MethodInvocationHelper.java:124)
at org.testng.internal.Invoker.invokeMethod(Invoker.java:583)
at org.testng.internal.Invoker.invokeTestMethod(Invoker.java:719)
at org.testng.internal.Invoker.invokeTestMethods(Invoker.java:989)
at org.testng.internal.TestMethodWorker.invokeTestMethods(TestMethodWorker.java:125)
at org.testng.internal.TestMethodWorker.run(TestMethodWorker.java:109)
at org.testng.TestRunner.privateRun(TestRunner.java:648)
at org.testng.TestRunner.run(TestRunner.java:505)
at org.testng.SuiteRunner.runTest(SuiteRunner.java:455)
at org.testng.SuiteRunner.runSequentially(SuiteRunner.java:450)
at org.testng.SuiteRunner.privateRun(SuiteRunner.java:415)
at org.testng.SuiteRunner.run(SuiteRunner.java:364)
at org.testng.SuiteRunnerWorker.runSuite(SuiteRunnerWorker.java:52)
at org.testng.SuiteRunnerWorker.run(SuiteRunnerWorker.java:84)
at org.testng.TestNG.runSuitesSequentially(TestNG.java:1208)
at org.testng.TestNG.runSuitesLocally(TestNG.java:1137)
at org.testng.TestNG.runSuites(TestNG.java:1049)
at org.testng.TestNG.run(TestNG.java:1017)
at org.testng.remote.AbstractRemoteTestNG.run(AbstractRemoteTestNG.java:115)
at org.testng.remote.RemoteTestNG.initAndRun(RemoteTestNG.java:251)
at org.testng.remote.RemoteTestNG.main(RemoteTestNG.java:77)
]]>
    </failure>
  </testcase> <!-- verifyAdminEmailinRecorderSettings -->
</testsuite> <!-- ServerAdministration.ServerSystemConfiguration -->
